#
# There is insufficient memory for the Java Runtime Environment to continue.
# Native memory allocation (malloc) failed to allocate 32744 bytes for ChunkPool::allocate
# Possible reasons:
#   The system is out of physical RAM or swap space
#   In 32 bit mode, the process size limit was hit
# Possible solutions:
#   Reduce memory load on the system
#   Increase physical memory or swap space
#   Check if swap backing store is full
#   Use 64 bit Java on a 64 bit OS
#   Decrease Java heap size (-Xmx/-Xms)
#   Decrease number of Java threads
#   Decrease Java thread stack sizes (-Xss)
#   Set larger code cache with -XX:ReservedCodeCacheSize=
# This output file may be truncated or incomplete.
#
#  Out of Memory Error (allocation.cpp:273), pid=5128, tid=0x0000000000001fdc
#
# JRE version: OpenJDK Runtime Environment (8.0_152-b01) (build 1.8.0_152-release-915-b01)
# Java VM: OpenJDK 64-Bit Server VM (25.152-b01 mixed mode windows-amd64 compressed oops)
# Failed to write core dump. Minidumps are not enabled by default on client versions of Windows
#

---------------  T H R E A D  ---------------

Current thread (0x00000000133d6000):  JavaThread "C1 CompilerThread2" daemon [_thread_in_native, id=8156, stack(0x0000000014fe0000,0x00000000150e0000)]

Stack: [0x0000000014fe0000,0x00000000150e0000]
[error occurred during error reporting (printing stack bounds), id 0xc0000005]

Native frames: (J=compiled Java code, j=interpreted, Vv=VM code, C=native code)


Current CompileTask:
C1:  10370  998       3       org.objectweb.asm.ClassReader::accept (1176 bytes)


---------------  P R O C E S S  ---------------

Java Threads: ( => current thread )
  0x00000000133db800 JavaThread "Service Thread" daemon [_thread_blocked, id=5900, stack(0x00000000150e0000,0x00000000151e0000)]
=>0x00000000133d6000 JavaThread "C1 CompilerThread2" daemon [_thread_in_native, id=8156, stack(0x0000000014fe0000,0x00000000150e0000)]
  0x0000000013384800 JavaThread "C2 CompilerThread1" daemon [_thread_blocked, id=7892, stack(0x0000000014ae0000,0x0000000014be0000)]
  0x0000000013381800 JavaThread "C2 CompilerThread0" daemon [_thread_blocked, id=7280, stack(0x00000000149e0000,0x0000000014ae0000)]
  0x0000000013380000 JavaThread "Attach Listener" daemon [_thread_blocked, id=6896, stack(0x00000000148e0000,0x00000000149e0000)]
  0x000000001337c800 JavaThread "Signal Dispatcher" daemon [_thread_blocked, id=7468, stack(0x00000000147e0000,0x00000000148e0000)]
  0x000000001336e800 JavaThread "Finalizer" daemon [_thread_blocked, id=3144, stack(0x00000000145f0000,0x00000000146f0000)]
  0x0000000002fe5800 JavaThread "Reference Handler" daemon [_thread_blocked, id=5732, stack(0x00000000144f0000,0x00000000145f0000)]
  0x0000000002ef4800 JavaThread "main" [_thread_in_vm, id=6416, stack(0x0000000002df0000,0x0000000002ef0000)]

Other Threads:
  0x0000000013345000 VMThread [stack: 0x00000000143f0000,0x00000000144f0000] [id=1916]
  0x00000000133dc800 WatcherThread [stack: 0x00000000151e0000,0x00000000152e0000] [id=7768]

VM state:not at safepoint (normal execution)

VM Mutex/Monitor currently owned by a thread: None

Heap:
 PSYoungGen      total 18944K, used 4262K [0x00000000feb00000, 0x0000000100000000, 0x0000000100000000)
  eden space 16384K, 10% used [0x00000000feb00000,0x00000000fecae050,0x00000000ffb00000)
  from space 2560K, 99% used [0x00000000ffd80000,0x00000000ffffb810,0x0000000100000000)
  to   space 2560K, 0% used [0x00000000ffb00000,0x00000000ffb00000,0x00000000ffd80000)
 ParOldGen       total 44032K, used 5110K [0x00000000fc000000, 0x00000000feb00000, 0x00000000feb00000)
  object space 44032K, 11% used [0x00000000fc000000,0x00000000fc4fd978,0x00000000feb00000)
 Metaspace       used 7638K, capacity 7836K, committed 7936K, reserved 1056768K
  class space    used 876K, capacity 956K, committed 1024K, reserved 1048576K

Card table byte_map: [0x00000000123b0000,0x00000000123e0000] byte_map_base: 0x0000000011bd0000

Marking Bits: (ParMarkBitMap*) 0x0000000052363950
 Begin Bits: [0x00000000127e0000, 0x00000000128e0000)
 End Bits:   [0x00000000128e0000, 0x00000000129e0000)

Polling page: 0x00000000010e0000

CodeCache: size=245760Kb used=3802Kb max_used=3802Kb free=241957Kb
 bounds [0x0000000002ff0000, 0x00000000033b0000, 0x0000000011ff0000]
 total_blobs=1328 nmethods=997 adapters=245
 compilation: enabled

Compilation events (10 events):
Event: 5.912 Thread 0x00000000133d6000 nmethod 993 0x000000000339ec10 code [0x000000000339ed60, 0x000000000339ee70]
Event: 6.012 Thread 0x00000000133d6000  994       3       org.objectweb.asm.ClassReader::<init> (257 bytes)
Event: 6.013 Thread 0x00000000133d6000 nmethod 994 0x000000000339eed0 code [0x000000000339f0a0, 0x000000000339fa48]
Event: 6.027 Thread 0x00000000133d6000  995       1       sun.nio.fs.WindowsException::lastError (5 bytes)
Event: 6.028 Thread 0x00000000133d6000 nmethod 995 0x00000000033a0110 code [0x00000000033a0260, 0x00000000033a0370]
Event: 6.050 Thread 0x00000000133d6000  996       3       org.objectweb.asm.ClassReader::a (662 bytes)
Event: 6.054 Thread 0x00000000133d6000 nmethod 996 0x00000000033a03d0 code [0x00000000033a0820, 0x00000000033a36e8]
Event: 8.051 Thread 0x00000000133d6000  997       3       org.objectweb.asm.ClassWriter::a (313 bytes)
Event: 8.053 Thread 0x00000000133d6000 nmethod 997 0x00000000033a5350 code [0x00000000033a57c0, 0x00000000033a84e8]
Event: 10.366 Thread 0x00000000133d6000  998       3       org.objectweb.asm.ClassReader::accept (1176 bytes)

GC Heap History (4 events):
Event: 2.172 GC heap before
{Heap before GC invocations=1 (full 0):
 PSYoungGen      total 18944K, used 16384K [0x00000000feb00000, 0x0000000100000000, 0x0000000100000000)
  eden space 16384K, 100% used [0x00000000feb00000,0x00000000ffb00000,0x00000000ffb00000)
  from space 2560K, 0% used [0x00000000ffd80000,0x00000000ffd80000,0x0000000100000000)
  to   space 2560K, 0% used [0x00000000ffb00000,0x00000000ffb00000,0x00000000ffd80000)
 ParOldGen       total 44032K, used 0K [0x00000000fc000000, 0x00000000feb00000, 0x00000000feb00000)
  object space 44032K, 0% used [0x00000000fc000000,0x00000000fc000000,0x00000000feb00000)
 Metaspace       used 6526K, capacity 6666K, committed 6784K, reserved 1056768K
  class space    used 768K, capacity 823K, committed 896K, reserved 1048576K
Event: 2.178 GC heap after
Heap after GC invocations=1 (full 0):
 PSYoungGen      total 18944K, used 2544K [0x00000000feb00000, 0x0000000100000000, 0x0000000100000000)
  eden space 16384K, 0% used [0x00000000feb00000,0x00000000feb00000,0x00000000ffb00000)
  from space 2560K, 99% used [0x00000000ffb00000,0x00000000ffd7c020,0x00000000ffd80000)
  to   space 2560K, 0% used [0x00000000ffd80000,0x00000000ffd80000,0x0000000100000000)
 ParOldGen       total 44032K, used 1390K [0x00000000fc000000, 0x00000000feb00000, 0x00000000feb00000)
  object space 44032K, 3% used [0x00000000fc000000,0x00000000fc15bac0,0x00000000feb00000)
 Metaspace       used 6526K, capacity 6666K, committed 6784K, reserved 1056768K
  class space    used 768K, capacity 823K, committed 896K, reserved 1048576K
}
Event: 5.306 GC heap before
{Heap before GC invocations=2 (full 0):
 PSYoungGen      total 18944K, used 18928K [0x00000000feb00000, 0x0000000100000000, 0x0000000100000000)
  eden space 16384K, 100% used [0x00000000feb00000,0x00000000ffb00000,0x00000000ffb00000)
  from space 2560K, 99% used [0x00000000ffb00000,0x00000000ffd7c020,0x00000000ffd80000)
  to   space 2560K, 0% used [0x00000000ffd80000,0x00000000ffd80000,0x0000000100000000)
 ParOldGen       total 44032K, used 1390K [0x00000000fc000000, 0x00000000feb00000, 0x00000000feb00000)
  object space 44032K, 3% used [0x00000000fc000000,0x00000000fc15bac0,0x00000000feb00000)
 Metaspace       used 7567K, capacity 7772K, committed 7936K, reserved 1056768K
  class space    used 876K, capacity 956K, committed 1024K, reserved 1048576K
Event: 5.831 GC heap after
Heap after GC invocations=2 (full 0):
 PSYoungGen      total 18944K, used 2542K [0x00000000feb00000, 0x0000000100000000, 0x0000000100000000)
  eden space 16384K, 0% used [0x00000000feb00000,0x00000000feb00000,0x00000000ffb00000)
  from space 2560K, 99% used [0x00000000ffd80000,0x00000000ffffb810,0x0000000100000000)
  to   space 2560K, 0% used [0x00000000ffb00000,0x00000000ffb00000,0x00000000ffd80000)
 ParOldGen       total 44032K, used 5110K [0x00000000fc000000, 0x00000000feb00000, 0x00000000feb00000)
  object space 44032K, 11% used [0x00000000fc000000,0x00000000fc4fd978,0x00000000feb00000)
 Metaspace       used 7567K, capacity 7772K, committed 7936K, reserved 1056768K
  class space    used 876K, capacity 956K, committed 1024K, reserved 1048576K
}

Deoptimization events (10 events):
Event: 2.116 Thread 0x0000000002ef4800 Uncommon trap: reason=unstable_if action=reinterpret pc=0x000000000322651c method=java.util.zip.ZipFile$ZipEntryIterator.hasNext()Z @ 25
Event: 2.116 Thread 0x0000000002ef4800 Uncommon trap: reason=unstable_if action=reinterpret pc=0x000000000323778c method=java.util.zip.ZipCoder.decoder()Ljava/nio/charset/CharsetDecoder; @ 4
Event: 2.251 Thread 0x0000000002ef4800 Uncommon trap: reason=unstable_if action=reinterpret pc=0x000000000322bb8c method=java.util.zip.ZipCoder.decoder()Ljava/nio/charset/CharsetDecoder; @ 4
Event: 2.252 Thread 0x0000000002ef4800 Uncommon trap: reason=unstable_if action=reinterpret pc=0x000000000322a01c method=java.util.zip.ZipCoder.decoder()Ljava/nio/charset/CharsetDecoder; @ 4
Event: 2.252 Thread 0x0000000002ef4800 Uncommon trap: reason=unstable_if action=reinterpret pc=0x000000000322472c method=java.util.zip.ZipCoder.decoder()Ljava/nio/charset/CharsetDecoder; @ 4
Event: 2.279 Thread 0x0000000002ef4800 Uncommon trap: reason=unstable_if action=reinterpret pc=0x00000000032489c8 method=java.util.HashMap$HashIterator.nextNode()Ljava/util/HashMap$Node; @ 74
Event: 2.497 Thread 0x0000000002ef4800 Uncommon trap: reason=unstable_if action=reinterpret pc=0x0000000003241b48 method=java.util.HashMap$HashIterator.nextNode()Ljava/util/HashMap$Node; @ 74
Event: 2.649 Thread 0x0000000002ef4800 Uncommon trap: reason=unstable_if action=reinterpret pc=0x000000000326d4f8 method=java.lang.Integer.valueOf(I)Ljava/lang/Integer; @ 10
Event: 2.728 Thread 0x0000000002ef4800 Uncommon trap: reason=unloaded action=reinterpret pc=0x000000000322ac3c method=java.util.zip.ZipEntry.setExtra0([BZ)V @ 37
Event: 3.255 Thread 0x0000000002ef4800 Uncommon trap: reason=unstable_if action=reinterpret pc=0x0000000003188eac method=java.lang.String.<init>([CII)V @ 18

Classes redefined (0 events):
No events

Internal exceptions (10 events):
Event: 6.028 Thread 0x0000000002ef4800 Exception <a 'sun/nio/fs/WindowsException'> (0x00000000fec16cf0) thrown at [D:\src\AOSP-openjdk-cygwin\jdk8u\hotspot\src\share\vm\prims\jni.cpp, line 709]
Event: 6.035 Thread 0x0000000002ef4800 Exception <a 'sun/nio/fs/WindowsException'> (0x00000000fec1c008) thrown at [D:\src\AOSP-openjdk-cygwin\jdk8u\hotspot\src\share\vm\prims\jni.cpp, line 709]
Event: 6.043 Thread 0x0000000002ef4800 Exception <a 'sun/nio/fs/WindowsException'> (0x00000000fec201c0) thrown at [D:\src\AOSP-openjdk-cygwin\jdk8u\hotspot\src\share\vm\prims\jni.cpp, line 709]
Event: 6.045 Thread 0x0000000002ef4800 Exception <a 'sun/nio/fs/WindowsException'> (0x00000000fec26bd0) thrown at [D:\src\AOSP-openjdk-cygwin\jdk8u\hotspot\src\share\vm\prims\jni.cpp, line 709]
Event: 6.054 Thread 0x0000000002ef4800 Exception <a 'sun/nio/fs/WindowsException'> (0x00000000fec2bec8) thrown at [D:\src\AOSP-openjdk-cygwin\jdk8u\hotspot\src\share\vm\prims\jni.cpp, line 709]
Event: 8.054 Thread 0x0000000002ef4800 Exception <a 'sun/nio/fs/WindowsException'> (0x00000000fec32048) thrown at [D:\src\AOSP-openjdk-cygwin\jdk8u\hotspot\src\share\vm\prims\jni.cpp, line 709]
Event: 10.146 Thread 0x0000000002ef4800 Exception <a 'sun/nio/fs/WindowsException'> (0x00000000fec35d40) thrown at [D:\src\AOSP-openjdk-cygwin\jdk8u\hotspot\src\share\vm\prims\jni.cpp, line 709]
Event: 10.362 Thread 0x0000000002ef4800 Exception <a 'sun/nio/fs/WindowsException'> (0x00000000fec3a2b0) thrown at [D:\src\AOSP-openjdk-cygwin\jdk8u\hotspot\src\share\vm\prims\jni.cpp, line 709]
Event: 10.363 Thread 0x0000000002ef4800 Exception <a 'sun/nio/fs/WindowsException'> (0x00000000fec3dfb0) thrown at [D:\src\AOSP-openjdk-cygwin\jdk8u\hotspot\src\share\vm\prims\jni.cpp, line 709]
Event: 10.364 Thread 0x0000000002ef4800 Exception <a 'sun/nio/fs/WindowsException'> (0x00000000fec42b98) thrown at [D:\src\AOSP-openjdk-cygwin\jdk8u\hotspot\src\share\vm\prims\jni.cpp, line 709]

Events (10 events):
Event: 4.180 loading class java/time/temporal/Temporal done
Event: 4.180 loading class java/time/temporal/TemporalAdjuster
Event: 4.180 loading class java/time/temporal/TemporalAdjuster done
Event: 4.181 loading class java/time/Instant done
Event: 4.231 Executing VM operation: EnableBiasedLocking
Event: 4.231 Executing VM operation: EnableBiasedLocking done
Event: 4.882 loading class com/google/devtools/build/android/desugar/DirectoryOutputFileProvider
Event: 4.882 loading class com/google/devtools/build/android/desugar/DirectoryOutputFileProvider done
Event: 5.306 Executing VM operation: ParallelGCFailedAllocation
Event: 5.831 Executing VM operation: ParallelGCFailedAllocation done


Dynamic libraries:
0x00007ff786170000 - 0x00007ff7861a1000 	C:\Program Files\Android\Android Studio\jre\bin\java.exe
0x00007ffd3e410000 - 0x00007ffd3e5e2000 	C:\Windows\SYSTEM32\ntdll.dll
0x00007ffd3d860000 - 0x00007ffd3d90c000 	C:\Windows\System32\KERNEL32.DLL
0x00007ffd3b780000 - 0x00007ffd3b99d000 	C:\Windows\System32\KERNELBASE.dll
0x00007ffd3d220000 - 0x00007ffd3d2c2000 	C:\Windows\System32\ADVAPI32.dll
0x00007ffd3dc40000 - 0x00007ffd3dcde000 	C:\Windows\System32\msvcrt.dll
0x00007ffd3d120000 - 0x00007ffd3d179000 	C:\Windows\System32\sechost.dll
0x00007ffd3de50000 - 0x00007ffd3df71000 	C:\Windows\System32\RPCRT4.dll
0x00007ffd3dce0000 - 0x00007ffd3de45000 	C:\Windows\System32\USER32.dll
0x00007ffd3b760000 - 0x00007ffd3b77e000 	C:\Windows\System32\win32u.dll
0x00007ffd3d700000 - 0x00007ffd3d734000 	C:\Windows\System32\GDI32.dll
0x00007ffd3b5e0000 - 0x00007ffd3b760000 	C:\Windows\System32\gdi32full.dll
0x00007ffd338e0000 - 0x00007ffd33b5a000 	C:\Windows\WinSxS\amd64_microsoft.windows.common-controls_6595b64144ccf1df_6.0.14393.953_none_42151e83c686086b\COMCTL32.dll
0x00007ffd3df90000 - 0x00007ffd3e258000 	C:\Windows\System32\combase.dll
0x00007ffd3aff0000 - 0x00007ffd3b0e5000 	C:\Windows\System32\ucrtbase.dll
0x00007ffd3b190000 - 0x00007ffd3b1fa000 	C:\Windows\System32\bcryptPrimitives.dll
0x00007ffd3d080000 - 0x00007ffd3d0ae000 	C:\Windows\System32\IMM32.DLL
0x00007ffd3a780000 - 0x00007ffd3a7b1000 	C:\Windows\system32\DriverStore\FileRepository\nvmii.inf_amd64_d555f104864d7e48\nvinitx.dll
0x00007ffd3a770000 - 0x00007ffd3a77a000 	C:\Windows\SYSTEM32\VERSION.dll
0x00007ffd3bb60000 - 0x00007ffd3d069000 	C:\Windows\System32\Shell32.dll
0x00007ffd3b4e0000 - 0x00007ffd3b522000 	C:\Windows\System32\cfgmgr32.dll
0x00007ffd3a910000 - 0x00007ffd3afe9000 	C:\Windows\System32\windows.storage.dll
0x00007ffd3a890000 - 0x00007ffd3a8dc000 	C:\Windows\System32\powrprof.dll
0x00007ffd3d0c0000 - 0x00007ffd3d112000 	C:\Windows\System32\shlwapi.dll
0x00007ffd3a880000 - 0x00007ffd3a88f000 	C:\Windows\System32\kernel.appcore.dll
0x00007ffd3b430000 - 0x00007ffd3b4d9000 	C:\Windows\System32\shcore.dll
0x00007ffd3a8e0000 - 0x00007ffd3a8f4000 	C:\Windows\System32\profapi.dll
0x0000000053b50000 - 0x0000000053b56000 	C:\Program Files\NVIDIA Corporation\CoProcManager\_etoured.dll
0x00007ffd37940000 - 0x00007ffd37980800 	C:\Program Files\NVIDIA Corporation\CoProcManager\nvd3d9wrapx.dll
0x00007ffd3d2d0000 - 0x00007ffd3d6f9000 	C:\Windows\System32\SETUPAPI.dll
0x00007ffd37870000 - 0x00007ffd3789a000 	C:\Program Files\NVIDIA Corporation\CoProcManager\nvdxgiwrapx.dll
0x0000000051ac0000 - 0x0000000051b92000 	C:\Program Files\Android\Android Studio\jre\jre\bin\msvcr100.dll
0x0000000051ba0000 - 0x00000000523de000 	C:\Program Files\Android\Android Studio\jre\jre\bin\server\jvm.dll
0x00007ffd3d0b0000 - 0x00007ffd3d0b8000 	C:\Windows\System32\PSAPI.DLL
0x00007ffd33e50000 - 0x00007ffd33e59000 	C:\Windows\SYSTEM32\WSOCK32.dll
0x00007ffd3e260000 - 0x00007ffd3e2ca000 	C:\Windows\System32\WS2_32.dll
0x00007ffd38c50000 - 0x00007ffd38c73000 	C:\Windows\SYSTEM32\WINMM.dll
0x00007ffd38bf0000 - 0x00007ffd38c1b000 	C:\Windows\SYSTEM32\WINMMBASE.dll
0x00007ffd33e40000 - 0x00007ffd33e4f000 	C:\Program Files\Android\Android Studio\jre\jre\bin\verify.dll
0x00007ffd31000000 - 0x00007ffd31029000 	C:\Program Files\Android\Android Studio\jre\jre\bin\java.dll
0x00007ffd30f70000 - 0x00007ffd30f86000 	C:\Program Files\Android\Android Studio\jre\jre\bin\zip.dll
0x00007ffd3a2a0000 - 0x00007ffd3a2b7000 	C:\Windows\SYSTEM32\CRYPTSP.dll
0x00007ffd39d00000 - 0x00007ffd39d33000 	C:\Windows\system32\rsaenh.dll
0x00007ffd3a7c0000 - 0x00007ffd3a7eb000 	C:\Windows\SYSTEM32\bcrypt.dll
0x00007ffd39f80000 - 0x00007ffd39f9f000 	C:\Windows\SYSTEM32\USERENV.dll
0x00007ffd3a2c0000 - 0x00007ffd3a2cb000 	C:\Windows\SYSTEM32\CRYPTBASE.dll
0x00007ffd2d270000 - 0x00007ffd2d28a000 	C:\Program Files\Android\Android Studio\jre\jre\bin\net.dll
0x00007ffd3a100000 - 0x00007ffd3a15c000 	C:\Windows\system32\mswsock.dll
0x00007ffd39e80000 - 0x00007ffd39eb8000 	C:\Windows\SYSTEM32\IPHLPAPI.DLL
0x00007ffd3d070000 - 0x00007ffd3d078000 	C:\Windows\System32\NSI.dll
0x00007ffd342f0000 - 0x00007ffd34306000 	C:\Windows\SYSTEM32\dhcpcsvc6.DLL
0x00007ffd34d70000 - 0x00007ffd34d8a000 	C:\Windows\SYSTEM32\dhcpcsvc.DLL
0x00007ffd2d250000 - 0x00007ffd2d261000 	C:\Program Files\Android\Android Studio\jre\jre\bin\nio.dll

VM Arguments:
jvm_args: -Djava.awt.headless=true -Xmx64M -Dfile.encoding=windows-1251 -Duser.country=RU -Duser.language=ru -Duser.variant 
java_command: com.google.devtools.build.android.desugar.Desugar --input C:\work_projects\Android\Palestra_Kotlin_v12\app\build\intermediates\transforms\stackFramesFixer\debug\2.jar --output C:\work_projects\Android\Palestra_Kotlin_v12\app\build\intermediates\transforms\desugar\debug\4.jar --input C:\work_projects\Android\Palestra_Kotlin_v12\app\build\intermediates\transforms\stackFramesFixer\debug\24.jar --output C:\work_projects\Android\Palestra_Kotlin_v12\app\build\intermediates\transforms\desugar\debug\26.jar --input C:\work_projects\Android\Palestra_Kotlin_v12\app\build\intermediates\transforms\stackFramesFixer\debug\12.jar --output C:\work_projects\Android\Palestra_Kotlin_v12\app\build\intermediates\transforms\desugar\debug\14.jar --input C:\work_projects\Android\Palestra_Kotlin_v12\app\build\intermediates\transforms\stackFramesFixer\debug\17.jar --output C:\work_projects\Android\Palestra_Kotlin_v12\app\build\intermediates\transforms\desugar\debug\19.jar --input C:\work_projects\Android\Palestra_Kotlin_v12\app\build\intermediates\classes\debug --output C:\work_projects\Android\Palestra_Kotlin_v12\app\build\intermediates\transforms\desugar\debug\0 --input C:\work_projects\Android\Palestra_Kotlin_v12\app\build\intermediates\transforms\stackFramesFixer\debug\20.jar --output C:\work_projects\Android\Palestra_Kotlin_v12\app\build\intermediates\transforms\desugar\debug\22.jar --input C:\work_projects\Android\Palestra_Kotlin_v12\app\build\intermediates\transforms\stackFramesFixer\debug\27.jar --output C:\work_projects\Android\Palestra_Kotlin_v12\app\build\intermediates\transforms\desugar\debug\29.jar --input C:\work_projects\Android\Palestra_Kotlin_v12\app\build\tmp\kapt3\classes\debug --output C:\work_projects\Android\Palestra_Kotlin_v12\app\build\intermediates\transforms\desugar\debug\33 --classpath_entry C:\work_projects\Android\Palestra_Kotlin_v12\app\build\intermediates\classes\debug --classpath_entry C:\work_projects\Android\Palestra_Kotlin_v12\app\build\tmp\k
java_class_path (initial): C:\Users\Dmitry\AppData\Local\Temp\desugar_deploy.jar569485443527451667
Launcher Type: SUN_STANDARD

Environment Variables:
PATH=C:\ProgramData\Oracle\Java\javapath;C:\Windows\system32;C:\Windows;C:\Windows\System32\Wbem;C:\Windows\System32\WindowsPowerShell\v1.0\;C:\Program Files (x86)\Microsoft SQL Server\Client SDK\ODBC\130\Tools\Binn\;C:\Program Files (x86)\Microsoft SQL Server\130\Tools\Binn\;C:\Program Files (x86)\Microsoft SQL Server\130\DTS\Binn\;C:\Program Files (x86)\Microsoft SQL Server\130\Tools\Binn\ManagementStudio\;C:\Users\Dmitry\.dnx\bin;C:\Program Files\Microsoft DNX\Dnvm\;C:\Program Files\Microsoft SQL Server\120\Tools\Binn\;C:\Program Files\Microsoft SQL Server\130\Tools\Binn\;C:\Program Files\Microsoft SQL Server\Client SDK\ODBC\110\Tools\Binn\;C:\Program Files (x86)\Microsoft SQL Server\120\Tools\Binn\;C:\Program Files\Microsoft SQL Server\120\DTS\Binn\;C:\Program Files (x86)\Microsoft SQL Server\120\Tools\Binn\ManagementStudio\;C:\Program Files (x86)\Microsoft SQL Server\120\DTS\Binn\;C:\Program Files (x86)\NVIDIA Corporation\PhysX\Common;D:\ProgramsNoSDD\Git\cmd;C:\Program Files (x86)\Skype\Phone\;D:\ProgramsNoSDD\TortoiseGit\bin;C:\Program Files\Java\jdk1.8.0_131\bin;C:\Users\Dmitry\AppData\Local\Microsoft\WindowsApps
USERNAME=Dmitry
OS=Windows_NT
PROCESSOR_IDENTIFIER=Intel64 Family 6 Model 42 Stepping 7, GenuineIntel



---------------  S Y S T E M  ---------------

OS: Windows 10.0 , 64 bit Build 14393 (10.0.14393.1198)

CPU:total 4 (initial active 4) (2 cores per cpu, 2 threads per core) family 6 model 42 stepping 7, cmov, cx8, fxsr, mmx, sse, sse2, sse3, ssse3, sse4.1, sse4.2, popcnt, avx, aes, clmul, ht, tsc, tscinvbit

Memory: 4k page, physical 16682388k(2388164k free), swap 16682388k(4988k free)

vm_info: OpenJDK 64-Bit Server VM (25.152-b01) for windows-amd64 JRE (1.8.0_152-release-915-b01), built by "builder" with MS VC++ 10.0 (VS2010)

time: Sat Jan 06 00:39:55 2018
elapsed time: 10 seconds (0d 0h 0m 10s)

